Mplus VERSION 8.10
MUTHEN & MUTHEN
11/29/2025   5:02 PM

INPUT INSTRUCTIONS

  TITLE:
  Running Model via Mplus
  DATA:
  FILE = "mplusResults_d72434ec6f3adf2e0924090ea8b4c870.dat";

  VARIABLE:
  NAMES = x1 x2 x3 z1 z2 z3 y1 y2 y3;
   MISSING=.;

  ANALYSIS:
  estimator = ml;
  type = random;
  algorithm = integration;
  processors = 2;
  integration =  15;

  MODEL:
  X BY x1;
  X BY x2;
  X BY x3;
  Z BY z1;
  Z BY z2;
  Z BY z3;
  Y BY y1;
  Y BY y2;
  Y BY y3;
  Y ON X;
  Y ON Z;
  Y ON XZ;
  XZ | X XWITH Z;

  OUTPUT:
  TECH1;
  TECH3;
  STANDARDIZED;



INPUT READING TERMINATED NORMALLY




Running Model via Mplus

SUMMARY OF ANALYSIS

Number of groups                                                 1
Number of observations                                        2000

Number of dependent variables                                    9
Number of independent variables                                  0
Number of continuous latent variables                            4

Observed dependent variables

  Continuous
   X1          X2          X3          Z1          Z2          Z3
   Y1          Y2          Y3

Continuous latent variables
   X           Z           Y           XZ


Estimator                                                       ML
Information matrix                                        OBSERVED
Optimization Specifications for the Quasi-Newton Algorithm for
Continuous Outcomes
  Maximum number of iterations                                 100
  Convergence criterion                                  0.100D-05
Optimization Specifications for the EM Algorithm
  Maximum number of iterations                                 500
  Convergence criteria
    Loglikelihood change                                 0.100D-02
    Relative loglikelihood change                        0.100D-05
    Derivative                                           0.100D-02
Optimization Specifications for the M step of the EM Algorithm for
Categorical Latent variables
  Number of M step iterations                                    1
  M step convergence criterion                           0.100D-02
  Basis for M step termination                           ITERATION
Optimization Specifications for the M step of the EM Algorithm for
Censored, Binary or Ordered Categorical (Ordinal), Unordered
Categorical (Nominal) and Count Outcomes
  Number of M step iterations                                    1
  M step convergence criterion                           0.100D-02
  Basis for M step termination                           ITERATION
  Maximum value for logit thresholds                            15
  Minimum value for logit thresholds                           -15
  Minimum expected cell size for chi-square              0.100D-01
Maximum number of iterations for H1                           2000
Convergence criterion for H1                             0.100D-03
Optimization algorithm                                         EMA
Integration Specifications
  Type                                                    STANDARD
  Number of integration points                                  15
  Dimensions of numerical integration                            2
  Adaptive quadrature                                           ON
Cholesky                                                       OFF

Input data file(s)
  mplusResults_d72434ec6f3adf2e0924090ea8b4c870.dat
Input data format  FREE


SUMMARY OF DATA

     Number of missing data patterns             1


COVARIANCE COVERAGE OF DATA

Minimum covariance coverage value   0.100


     PROPORTION OF DATA PRESENT FOR Y


           Covariance Coverage
              X1            X2            X3            Z1            Z2
              ________      ________      ________      ________      ________
 X1             1.000
 X2             1.000         1.000
 X3             1.000         1.000         1.000
 Z1             1.000         1.000         1.000         1.000
 Z2             1.000         1.000         1.000         1.000         1.000
 Z3             1.000         1.000         1.000         1.000         1.000
 Y1             1.000         1.000         1.000         1.000         1.000
 Y2             1.000         1.000         1.000         1.000         1.000
 Y3             1.000         1.000         1.000         1.000         1.000


           Covariance Coverage
              Z3            Y1            Y2            Y3
              ________      ________      ________      ________
 Z3             1.000
 Y1             1.000         1.000
 Y2             1.000         1.000         1.000
 Y3             1.000         1.000         1.000         1.000



UNIVARIATE SAMPLE STATISTICS


     UNIVARIATE HIGHER-ORDER MOMENT DESCRIPTIVE STATISTICS

         Variable/         Mean/     Skewness/   Minimum/ % with                Percentiles
        Sample Size      Variance    Kurtosis    Maximum  Min/Max      20%/60%    40%/80%    Median

     X1                    1.023       0.003      -2.527    0.05%       0.101      0.778      1.017
            2000.000       1.141      -0.189       4.324    0.05%       1.293      1.954
     X2                    1.215       0.035      -1.619    0.05%       0.472      0.938      1.188
            2000.000       0.797      -0.139       4.004    0.05%       1.445      2.001
     X3                    0.919       0.013      -2.222    0.05%       0.042      0.691      0.920
            2000.000       0.985      -0.173       4.155    0.05%       1.162      1.773
     Z1                    1.011      -0.065      -3.220    0.05%       0.067      0.779      1.041
            2000.000       1.184       0.108       4.845    0.05%       1.289      1.896
     Z2                    1.206       0.007      -1.681    0.05%       0.443      0.985      1.203
            2000.000       0.828      -0.063       4.256    0.05%       1.427      1.976
     Z3                    0.916       0.037      -2.350    0.05%       0.106      0.659      0.903
            2000.000       0.948       0.096       4.280    0.05%       1.154      1.723
     Y1                    1.180       0.749      -2.850    0.05%      -0.137      0.688      1.046
            2000.000       2.646       1.489       9.583    0.05%       1.418      2.344
     Y2                    1.335       0.657      -3.235    0.05%       0.247      0.937      1.250
            2000.000       1.739       1.317       8.185    0.05%       1.550      2.276
     Y3                    1.083       0.773      -2.907    0.05%      -0.117      0.619      0.951
            2000.000       2.175       1.703       8.657    0.05%       1.286      2.159


THE MODEL ESTIMATION TERMINATED NORMALLY



MODEL FIT INFORMATION

Number of Free Parameters                       31

Loglikelihood

          H0 Value                      -17493.569

Information Criteria

          Akaike (AIC)                   35049.137
          Bayesian (BIC)                 35222.765
          Sample-Size Adjusted BIC       35124.276
            (n* = (n + 2) / 24)



MODEL RESULTS

                                                    Two-Tailed
                    Estimate       S.E.  Est./S.E.    P-Value

 X        BY
    X1                 1.000      0.000    999.000    999.000
    X2                 0.803      0.013     63.877      0.000
    X3                 0.914      0.014     67.681      0.000

 Z        BY
    Z1                 1.000      0.000    999.000    999.000
    Z2                 0.810      0.012     65.060      0.000
    Z3                 0.881      0.013     67.578      0.000

 Y        BY
    Y1                 1.000      0.000    999.000    999.000
    Y2                 0.798      0.007    107.505      0.000
    Y3                 0.899      0.008    112.528      0.000

 Y          ON
    X                  0.673      0.031     21.674      0.000
    Z                  0.569      0.030     18.723      0.000
    XZ                 0.718      0.028     25.831      0.000

 Z        WITH
    X                  0.200      0.024      8.239      0.000

 Intercepts
    X1                 1.023      0.024     42.828      0.000
    X2                 1.215      0.020     60.909      0.000
    X3                 0.919      0.022     41.422      0.000
    Z1                 1.011      0.024     41.564      0.000
    Z2                 1.206      0.020     59.258      0.000
    Z3                 0.916      0.022     42.052      0.000
    Y1                 1.036      0.033     31.402      0.000
    Y2                 1.220      0.027     45.429      0.000
    Y3                 0.953      0.030     31.805      0.000

 Variances
    X                  0.983      0.036     26.971      0.000
    Z                  1.018      0.038     26.925      0.000

 Residual Variances
    X1                 0.158      0.009     18.134      0.000
    X2                 0.162      0.007     23.144      0.000
    X3                 0.165      0.008     20.755      0.000
    Z1                 0.167      0.009     18.495      0.000
    Z2                 0.160      0.007     22.667      0.000
    Z3                 0.158      0.008     20.763      0.000
    Y1                 0.160      0.009     18.004      0.000
    Y2                 0.154      0.007     22.672      0.000
    Y3                 0.164      0.008     20.666      0.000
    Y                  0.980      0.038     25.925      0.000


QUALITY OF NUMERICAL RESULTS

     Condition Number for the Information Matrix              0.721E-02
       (ratio of smallest to largest eigenvalue)


STANDARDIZED MODEL RESULTS


STDYX Standardization

                                                    Two-Tailed
                    Estimate       S.E.  Est./S.E.    P-Value

 X        BY
    X1                 0.928      0.005    202.546      0.000
    X2                 0.892      0.006    157.797      0.000
    X3                 0.913      0.005    182.512      0.000

 Z        BY
    Z1                 0.927      0.005    202.241      0.000
    Z2                 0.898      0.005    165.425      0.000
    Z3                 0.913      0.005    182.734      0.000

 Y        BY
    Y1                 0.969      0.002    465.765      0.000
    Y2                 0.954      0.003    362.106      0.000
    Y3                 0.961      0.002    406.447      0.000

 Y          ON
    X                  0.427      0.017     24.842      0.000
    Z                  0.367      0.018     20.597      0.000
    XZ                 0.459      0.016     28.745      0.000

 Z        WITH
    X                  0.200      0.023      8.752      0.000

 Intercepts
    X1                 0.958      0.027     35.463      0.000
    X2                 1.362      0.031     43.873      0.000
    X3                 0.926      0.027     34.652      0.000
    Z1                 0.929      0.027     34.735      0.000
    Z2                 1.325      0.031     43.243      0.000
    Z3                 0.940      0.027     35.019      0.000
    Y1                 0.642      0.022     29.737      0.000
    Y2                 0.932      0.024     38.487      0.000
    Y3                 0.652      0.022     29.975      0.000

 Variances
    X                  1.000      0.000    999.000    999.000
    Z                  1.000      0.000    999.000    999.000

 Residual Variances
    X1                 0.139      0.009     16.300      0.000
    X2                 0.204      0.010     20.163      0.000
    X3                 0.167      0.009     18.296      0.000
    Z1                 0.141      0.008     16.571      0.000
    Z2                 0.193      0.010     19.762      0.000
    Z3                 0.167      0.009     18.300      0.000
    Y1                 0.061      0.004     15.214      0.000
    Y2                 0.090      0.005     17.948      0.000
    Y3                 0.076      0.005     16.820      0.000
    Y                  0.401      0.018     22.581      0.000


STDY Standardization

                                                    Two-Tailed
                    Estimate       S.E.  Est./S.E.    P-Value

 X        BY
    X1                 0.928      0.005    202.546      0.000
    X2                 0.892      0.006    157.797      0.000
    X3                 0.913      0.005    182.512      0.000

 Z        BY
    Z1                 0.927      0.005    202.241      0.000
    Z2                 0.898      0.005    165.425      0.000
    Z3                 0.913      0.005    182.734      0.000

 Y        BY
    Y1                 0.969      0.002    465.765      0.000
    Y2                 0.954      0.003    362.106      0.000
    Y3                 0.961      0.002    406.447      0.000

 Y          ON
    X                  0.427      0.017     24.842      0.000
    Z                  0.367      0.018     20.597      0.000
    XZ                 0.459      0.016     28.745      0.000

 Z        WITH
    X                  0.200      0.023      8.752      0.000

 Intercepts
    X1                 0.958      0.027     35.463      0.000
    X2                 1.362      0.031     43.873      0.000
    X3                 0.926      0.027     34.652      0.000
    Z1                 0.929      0.027     34.735      0.000
    Z2                 1.325      0.031     43.243      0.000
    Z3                 0.940      0.027     35.019      0.000
    Y1                 0.642      0.022     29.737      0.000
    Y2                 0.932      0.024     38.487      0.000
    Y3                 0.652      0.022     29.975      0.000

 Variances
    X                  1.000      0.000    999.000    999.000
    Z                  1.000      0.000    999.000    999.000

 Residual Variances
    X1                 0.139      0.009     16.300      0.000
    X2                 0.204      0.010     20.163      0.000
    X3                 0.167      0.009     18.296      0.000
    Z1                 0.141      0.008     16.571      0.000
    Z2                 0.193      0.010     19.762      0.000
    Z3                 0.167      0.009     18.300      0.000
    Y1                 0.061      0.004     15.214      0.000
    Y2                 0.090      0.005     17.948      0.000
    Y3                 0.076      0.005     16.820      0.000
    Y                  0.401      0.018     22.581      0.000


STD Standardization

                                                    Two-Tailed
                    Estimate       S.E.  Est./S.E.    P-Value

 X        BY
    X1                 0.991      0.018     53.942      0.000
    X2                 0.796      0.016     50.513      0.000
    X3                 0.906      0.017     52.450      0.000

 Z        BY
    Z1                 1.009      0.019     53.851      0.000
    Z2                 0.817      0.016     51.100      0.000
    Z3                 0.889      0.017     52.459      0.000

 Y        BY
    Y1                 1.563      0.031     50.783      0.000
    Y2                 1.248      0.025     49.720      0.000
    Y3                 1.406      0.028     50.228      0.000

 Y          ON
    X                  0.427      0.017     24.842      0.000
    Z                  0.367      0.018     20.597      0.000
    XZ                 0.459      0.016     28.745      0.000

 Z        WITH
    X                  0.200      0.023      8.752      0.000

 Intercepts
    X1                 1.023      0.024     42.828      0.000
    X2                 1.215      0.020     60.909      0.000
    X3                 0.919      0.022     41.422      0.000
    Z1                 1.011      0.024     41.564      0.000
    Z2                 1.206      0.020     59.258      0.000
    Z3                 0.916      0.022     42.052      0.000
    Y1                 1.036      0.033     31.402      0.000
    Y2                 1.220      0.027     45.429      0.000
    Y3                 0.953      0.030     31.805      0.000

 Variances
    X                  1.000      0.000    999.000    999.000
    Z                  1.000      0.000    999.000    999.000

 Residual Variances
    X1                 0.158      0.009     18.134      0.000
    X2                 0.162      0.007     23.144      0.000
    X3                 0.165      0.008     20.755      0.000
    Z1                 0.167      0.009     18.495      0.000
    Z2                 0.160      0.007     22.667      0.000
    Z3                 0.158      0.008     20.763      0.000
    Y1                 0.160      0.009     18.004      0.000
    Y2                 0.154      0.007     22.672      0.000
    Y3                 0.164      0.008     20.666      0.000
    Y                  0.401      0.018     22.581      0.000


R-SQUARE

    Observed                                        Two-Tailed
    Variable        Estimate       S.E.  Est./S.E.    P-Value

    X1                 0.861      0.009    101.273      0.000
    X2                 0.796      0.010     78.898      0.000
    X3                 0.833      0.009     91.256      0.000
    Z1                 0.859      0.008    101.120      0.000
    Z2                 0.807      0.010     82.712      0.000
    Z3                 0.833      0.009     91.367      0.000
    Y1                 0.939      0.004    232.882      0.000
    Y2                 0.910      0.005    181.053      0.000
    Y3                 0.924      0.005    203.224      0.000

     Latent                                         Two-Tailed
    Variable        Estimate       S.E.  Est./S.E.    P-Value

    Y                  0.599      0.018     33.738      0.000


TECHNICAL 1 OUTPUT


     PARAMETER SPECIFICATION


           NU
              X1            X2            X3            Z1            Z2
              ________      ________      ________      ________      ________
                    1             2             3             4             5


           NU
              Z3            Y1            Y2            Y3
              ________      ________      ________      ________
                    6             7             8             9


           LAMBDA
              X             Z             Y             XZ
              ________      ________      ________      ________
 X1                 0             0             0             0
 X2                10             0             0             0
 X3                11             0             0             0
 Z1                 0             0             0             0
 Z2                 0            12             0             0
 Z3                 0            13             0             0
 Y1                 0             0             0             0
 Y2                 0             0            14             0
 Y3                 0             0            15             0


           THETA
              X1            X2            X3            Z1            Z2
              ________      ________      ________      ________      ________
 X1                16
 X2                 0            17
 X3                 0             0            18
 Z1                 0             0             0            19
 Z2                 0             0             0             0            20
 Z3                 0             0             0             0             0
 Y1                 0             0             0             0             0
 Y2                 0             0             0             0             0
 Y3                 0             0             0             0             0


           THETA
              Z3            Y1            Y2            Y3
              ________      ________      ________      ________
 Z3                21
 Y1                 0            22
 Y2                 0             0            23
 Y3                 0             0             0            24


           ALPHA
              X             Z             Y             XZ
              ________      ________      ________      ________
                    0             0             0             0


           BETA
              X             Z             Y             XZ
              ________      ________      ________      ________
 X                  0             0             0             0
 Z                  0             0             0             0
 Y                 25            26             0            27
 XZ                 0             0             0             0


           PSI
              X             Z             Y             XZ
              ________      ________      ________      ________
 X                 28
 Z                 29            30
 Y                  0             0            31
 XZ                 0             0             0             0


     STARTING VALUES


           NU
              X1            X2            X3            Z1            Z2
              ________      ________      ________      ________      ________
                1.023         1.215         0.919         1.011         1.206


           NU
              Z3            Y1            Y2            Y3
              ________      ________      ________      ________
                0.916         1.180         1.335         1.083


           LAMBDA
              X             Z             Y             XZ
              ________      ________      ________      ________
 X1             1.000         0.000         0.000         0.000
 X2             1.000         0.000         0.000         0.000
 X3             1.000         0.000         0.000         0.000
 Z1             0.000         1.000         0.000         0.000
 Z2             0.000         1.000         0.000         0.000
 Z3             0.000         1.000         0.000         0.000
 Y1             0.000         0.000         1.000         0.000
 Y2             0.000         0.000         1.000         0.000
 Y3             0.000         0.000         1.000         0.000


           THETA
              X1            X2            X3            Z1            Z2
              ________      ________      ________      ________      ________
 X1             0.570
 X2             0.000         0.398
 X3             0.000         0.000         0.493
 Z1             0.000         0.000         0.000         0.592
 Z2             0.000         0.000         0.000         0.000         0.414
 Z3             0.000         0.000         0.000         0.000         0.000
 Y1             0.000         0.000         0.000         0.000         0.000
 Y2             0.000         0.000         0.000         0.000         0.000
 Y3             0.000         0.000         0.000         0.000         0.000


           THETA
              Z3            Y1            Y2            Y3
              ________      ________      ________      ________
 Z3             0.474
 Y1             0.000         1.323
 Y2             0.000         0.000         0.870
 Y3             0.000         0.000         0.000         1.087


           ALPHA
              X             Z             Y             XZ
              ________      ________      ________      ________
                0.000         0.000         0.000         0.000


           BETA
              X             Z             Y             XZ
              ________      ________      ________      ________
 X              0.000         0.000         0.000         0.000
 Z              0.000         0.000         0.000         0.000
 Y              0.000         0.000         0.000         0.000
 XZ             0.000         0.000         0.000         0.000


           PSI
              X             Z             Y             XZ
              ________      ________      ________      ________
 X              0.050
 Z              0.000         0.050
 Y              0.000         0.000         0.050
 XZ             0.000         0.000         0.000         0.000


TECHNICAL 3 OUTPUT


           ESTIMATED COVARIANCE MATRIX FOR PARAMETER ESTIMATES
                     1             2             3             4             5
              ________      ________      ________      ________      ________
        1   0.570380D-03
        2   0.394750D-03  0.398233D-03
        3   0.449013D-03  0.360773D-03  0.492646D-03
        4   0.100092D-03  0.804222D-04  0.914770D-04  0.592127D-03
        5   0.811086D-04  0.651692D-04  0.741274D-04  0.412263D-03  0.413895D-03
        6   0.881914D-04  0.708601D-04  0.806005D-04  0.448264D-03  0.363246D-03
        7   0.387507D-03  0.311355D-03  0.354154D-03  0.356738D-03  0.289078D-03
        8   0.309370D-03  0.248573D-03  0.282742D-03  0.284805D-03  0.230789D-03
        9   0.348471D-03  0.279990D-03  0.318477D-03  0.320801D-03  0.259958D-03
       10  -0.132176D-08 -0.598692D-09 -0.102565D-08  0.102547D-09  0.881376D-10
       11  -0.291316D-08 -0.224401D-08 -0.164221D-08 -0.156373D-09 -0.123944D-09
       12   0.126128D-08  0.101399D-08  0.115269D-08 -0.412710D-08  0.417483D-09
       13   0.220818D-08  0.177361D-08  0.201860D-08 -0.184722D-09  0.129057D-08
       14  -0.195581D-08 -0.157117D-08 -0.178791D-08 -0.148207D-08 -0.120109D-08
       15  -0.112946D-08 -0.907589D-09 -0.103211D-08 -0.686034D-09 -0.555492D-09
       16  -0.108176D-09 -0.159529D-09  0.147154D-09  0.793774D-10  0.706837D-10
       17   0.149071D-09 -0.327160D-09  0.293100D-09  0.341465D-10  0.231096D-10
       18   0.530070D-09  0.516929D-09 -0.108136D-08  0.880379D-10  0.710278D-10
       19   0.564400D-09  0.453201D-09  0.516643D-09  0.368405D-09  0.459782D-09
       20   0.195393D-10  0.146834D-10  0.182606D-10  0.549245D-09 -0.889671D-09
       21  -0.146101D-09 -0.116411D-09 -0.133949D-09 -0.304451D-09 -0.543002D-10
       22  -0.328873D-09 -0.264306D-09 -0.301326D-09 -0.256250D-09 -0.206943D-09
       23   0.240694D-09  0.192574D-09  0.221732D-09  0.195776D-09  0.159495D-09
       24   0.116718D-10  0.103169D-10  0.932410D-11  0.285112D-12 -0.927609D-12
       25   0.718826D-04  0.577564D-04  0.656957D-04  0.365372D-03  0.296075D-03
       26   0.352838D-03  0.283498D-03  0.322468D-03  0.718809D-04  0.582490D-04
       27   0.246625D-07  0.199118D-07  0.227688D-07  0.918767D-08  0.864366D-08
       28   0.361313D-08  0.258705D-08  0.261313D-08 -0.179830D-09 -0.150852D-09
       29   0.127126D-07  0.101752D-07  0.115150D-07  0.382115D-08  0.274879D-08
       30   0.706458D-09  0.567645D-09  0.645114D-09  0.293628D-07  0.202199D-07
       31  -0.984951D-09 -0.770724D-09 -0.713262D-09  0.471554D-09  0.462248D-09


           ESTIMATED COVARIANCE MATRIX FOR PARAMETER ESTIMATES
                     6             7             8             9            10
              ________      ________      ________      ________      ________
        6   0.474080D-03
        7   0.314322D-03  0.108951D-02
        8   0.250942D-03  0.805543D-03  0.721003D-03
        9   0.282659D-03  0.907361D-03  0.724424D-03  0.898492D-03
       10   0.912973D-10  0.885225D-06  0.705435D-06  0.797179D-06  0.158221D-03
       11  -0.137953D-09  0.935893D-06  0.749288D-06  0.840502D-06  0.746482D-04
       12  -0.229838D-08  0.146750D-06  0.116538D-06  0.129227D-06  0.126126D-06
       13   0.282979D-08  0.907297D-06  0.721345D-06  0.812295D-06 -0.161865D-07
       14  -0.130605D-08  0.387661D-05 -0.483416D-05 -0.161156D-06  0.900261D-08
       15  -0.604804D-09  0.431564D-05 -0.201811D-06 -0.530157D-05 -0.784835D-08
       16   0.703381D-10  0.646930D-06  0.516949D-06  0.580519D-06  0.283482D-04
       17   0.287772D-10 -0.980559D-06 -0.780504D-06 -0.884374D-06 -0.192552D-04
       18   0.776654D-10 -0.114293D-05 -0.915882D-06 -0.102685D-05 -0.426320D-05
       19  -0.146232D-09 -0.669546D-07 -0.556231D-07 -0.646336D-07  0.745405D-07
       20   0.405421D-09 -0.286219D-06 -0.228903D-06 -0.255769D-06 -0.159570D-06
       21   0.792410D-09 -0.167411D-05 -0.133283D-05 -0.150243D-05  0.862634D-07
       22  -0.226787D-09  0.684600D-06 -0.106296D-05 -0.136286D-05  0.210630D-08
       23   0.173213D-09 -0.344642D-06  0.783318D-06 -0.242556D-06 -0.342520D-07
       24   0.551815D-12 -0.197722D-06  0.368822D-07  0.145815D-05  0.370119D-07
       25   0.321930D-03  0.263830D-03  0.213353D-03  0.240293D-03  0.552628D-04
       26   0.633354D-04  0.290739D-03  0.234292D-03  0.263999D-03  0.673370D-06
       27   0.927836D-08 -0.126947D-03 -0.985801D-04 -0.111089D-03  0.563000D-04
       28  -0.157804D-09 -0.644977D-06 -0.515377D-06 -0.578749D-06 -0.155413D-03
       29   0.306741D-08 -0.428212D-04 -0.341819D-04 -0.384989D-04 -0.169263D-04
       30   0.226319D-07  0.826363D-07  0.681395D-07  0.787293D-07 -0.731940D-07
       31   0.371015D-09  0.115872D-04  0.173484D-04  0.197015D-04 -0.261016D-05


           ESTIMATED COVARIANCE MATRIX FOR PARAMETER ESTIMATES
                    11            12            13            14            15
              ________      ________      ________      ________      ________
       11   0.182346D-03
       12   0.918665D-07  0.155135D-03
       13   0.349607D-07  0.725965D-04  0.169998D-03
       14  -0.146753D-07  0.431327D-08  0.208915D-07  0.551489D-04
       15   0.773739D-08  0.190465D-07  0.250551D-07  0.253659D-04  0.638638D-04
       16   0.337095D-04  0.164880D-06  0.350677D-07 -0.324544D-08  0.863318D-08
       17  -0.280238D-05 -0.932290D-07  0.476354D-07 -0.162537D-07  0.180293D-07
       18  -0.282442D-04 -0.279469D-07 -0.342356D-07  0.237251D-07 -0.660552D-08
       19   0.974841D-07  0.282543D-04  0.327866D-04  0.150777D-07  0.307546D-07
       20  -0.881054D-07 -0.191935D-04 -0.172055D-05  0.277246D-08 -0.112396D-07
       21   0.122572D-07 -0.334449D-05 -0.259059D-04 -0.257689D-07 -0.210762D-07
       22  -0.132818D-07  0.435547D-07  0.857704D-07  0.111880D-04  0.137502D-04
       23   0.499933D-07  0.105724D-07 -0.283520D-07 -0.737120D-05 -0.467425D-06
       24  -0.451029D-07 -0.500459D-07 -0.427778D-07 -0.135085D-05 -0.113739D-04
       25   0.618296D-04 -0.174818D-05 -0.892106D-06 -0.189275D-04 -0.211481D-04
       26   0.695206D-06  0.478825D-04  0.503241D-04 -0.151419D-04 -0.177202D-04
       27   0.653289D-04  0.567220D-04  0.618887D-04 -0.192601D-04 -0.213473D-04
       28  -0.178241D-03 -0.163749D-06 -0.338035D-07  0.315651D-08 -0.872855D-08
       29  -0.195153D-04 -0.160163D-04 -0.185114D-04 -0.338198D-07 -0.602668D-07
       30  -0.959013D-07 -0.163371D-03 -0.179699D-03 -0.150539D-07 -0.307149D-07
       31   0.284980D-06 -0.158739D-05 -0.146191D-05 -0.563183D-04 -0.645511D-04


           ESTIMATED COVARIANCE MATRIX FOR PARAMETER ESTIMATES
                    16            17            18            19            20
              ________      ________      ________      ________      ________
       16   0.760705D-04
       17  -0.118041D-04  0.490669D-04
       18  -0.179040D-04 -0.482575D-05  0.628625D-04
       19   0.138763D-06 -0.281471D-07 -0.592273D-07  0.812856D-04
       20  -0.180790D-06  0.135345D-06  0.735080D-08 -0.114775D-04  0.496033D-04
       21   0.448382D-07 -0.107154D-06  0.155894D-07 -0.172696D-04 -0.582353D-05
       22   0.993583D-08  0.308509D-08  0.321539D-07  0.854645D-07 -0.157276D-07
       23   0.192578D-07  0.665170D-07 -0.737199D-07 -0.543904D-08 -0.210132D-07
       24  -0.305249D-07 -0.781455D-07  0.555273D-07 -0.685007D-07  0.375763D-07
       25   0.216356D-04 -0.459734D-05 -0.409848D-05 -0.274583D-05  0.107583D-05
       26   0.370113D-06 -0.826054D-06 -0.943384D-06  0.186681D-04 -0.441887D-05
       27   0.199351D-04 -0.271210D-05 -0.582546D-05  0.193513D-04 -0.220560D-05
       28  -0.510532D-04  0.118027D-04  0.179021D-04 -0.138610D-06  0.180633D-06
       29  -0.645765D-05  0.212136D-05  0.321572D-05 -0.530024D-05  0.101369D-05
       30  -0.138554D-06  0.279563D-07  0.588862D-07 -0.534794D-04  0.114768D-04
       31  -0.709037D-05 -0.454791D-06 -0.643359D-05 -0.764620D-05 -0.240225D-05


           ESTIMATED COVARIANCE MATRIX FOR PARAMETER ESTIMATES
                    21            22            23            24            25
              ________      ________      ________      ________      ________
       21   0.580714D-04
       22  -0.874567D-07  0.786074D-04
       23   0.466004D-07 -0.105661D-04  0.463703D-04
       24   0.235523D-07 -0.185425D-04 -0.645379D-05  0.626291D-04
       25  -0.531902D-06 -0.638806D-05  0.262383D-05  0.256437D-05  0.963753D-03
       26  -0.210470D-05 -0.349257D-05  0.172051D-07  0.299755D-05 -0.741393D-04
       27  -0.299161D-05 -0.278427D-05  0.164086D-05  0.527985D-06  0.656776D-04
       28  -0.450851D-07 -0.992718D-08 -0.192536D-07  0.305121D-07 -0.128046D-03
       29   0.316451D-05 -0.175784D-06  0.228444D-07  0.127670D-06 -0.289304D-04
       30   0.172676D-04 -0.854272D-07  0.544783D-08  0.684582D-07  0.276728D-05
       31  -0.331292D-05 -0.328563D-04  0.333527D-05  0.921803D-05 -0.152593D-04


           ESTIMATED COVARIANCE MATRIX FOR PARAMETER ESTIMATES
                    26            27            28            29            30
              ________      ________      ________      ________      ________
       26   0.922975D-03
       27   0.378361D-04  0.772999D-03
       28  -0.366474D-06 -0.133503D-03  0.132737D-02
       29  -0.278375D-04 -0.387022D-04  0.234816D-03  0.590388D-03
       30  -0.113520D-03 -0.139092D-03  0.402086D-04  0.242374D-03  0.142821D-02
       31  -0.111782D-04 -0.786239D-04  0.708852D-05  0.578233D-05  0.764468D-05


           ESTIMATED COVARIANCE MATRIX FOR PARAMETER ESTIMATES
                    31
              ________
       31   0.142807D-02


           ESTIMATED CORRELATION MATRIX FOR PARAMETER ESTIMATES
                     1             2             3             4             5
              ________      ________      ________      ________      ________
        1       1.000
        2       0.828         1.000
        3       0.847         0.815         1.000
        4       0.172         0.166         0.169         1.000
        5       0.167         0.161         0.164         0.833         1.000
        6       0.170         0.163         0.167         0.846         0.820
        7       0.492         0.473         0.483         0.444         0.430
        8       0.482         0.464         0.474         0.436         0.422
        9       0.487         0.468         0.479         0.440         0.426
       10       0.000         0.000         0.000         0.000         0.000
       11       0.000         0.000         0.000         0.000         0.000
       12       0.000         0.000         0.000         0.000         0.000
       13       0.000         0.000         0.000         0.000         0.000
       14       0.000         0.000         0.000         0.000         0.000
       15       0.000         0.000         0.000         0.000         0.000
       16       0.000         0.000         0.000         0.000         0.000
       17       0.000         0.000         0.000         0.000         0.000
       18       0.000         0.000         0.000         0.000         0.000
       19       0.000         0.000         0.000         0.000         0.000
       20       0.000         0.000         0.000         0.000         0.000
       21       0.000         0.000         0.000         0.000         0.000
       22       0.000         0.000         0.000         0.000         0.000
       23       0.000         0.000         0.000         0.000         0.000
       24       0.000         0.000         0.000         0.000         0.000
       25       0.097         0.093         0.095         0.484         0.469
       26       0.486         0.468         0.478         0.097         0.094
       27       0.000         0.000         0.000         0.000         0.000
       28       0.000         0.000         0.000         0.000         0.000
       29       0.000         0.000         0.000         0.000         0.000
       30       0.000         0.000         0.000         0.000         0.000
       31       0.000         0.000         0.000         0.000         0.000


           ESTIMATED CORRELATION MATRIX FOR PARAMETER ESTIMATES
                     6             7             8             9            10
              ________      ________      ________      ________      ________
        6       1.000
        7       0.437         1.000
        8       0.429         0.909         1.000
        9       0.433         0.917         0.900         1.000
       10       0.000         0.002         0.002         0.002         1.000
       11       0.000         0.002         0.002         0.002         0.439
       12       0.000         0.000         0.000         0.000         0.001
       13       0.000         0.002         0.002         0.002         0.000
       14       0.000         0.016        -0.024        -0.001         0.000
       15       0.000         0.016        -0.001        -0.022         0.000
       16       0.000         0.002         0.002         0.002         0.258
       17       0.000        -0.004        -0.004        -0.004        -0.219
       18       0.000        -0.004        -0.004        -0.004        -0.043
       19       0.000         0.000         0.000         0.000         0.001
       20       0.000        -0.001        -0.001        -0.001        -0.002
       21       0.000        -0.007        -0.007        -0.007         0.001
       22       0.000         0.002        -0.004        -0.005         0.000
       23       0.000        -0.002         0.004        -0.001         0.000
       24       0.000        -0.001         0.000         0.006         0.000
       25       0.476         0.257         0.256         0.258         0.142
       26       0.096         0.290         0.287         0.290         0.002
       27       0.000        -0.138        -0.132        -0.133         0.161
       28       0.000        -0.001        -0.001        -0.001        -0.339
       29       0.000        -0.053        -0.052        -0.053        -0.055
       30       0.000         0.000         0.000         0.000         0.000
       31       0.000         0.009         0.017         0.017        -0.005


           ESTIMATED CORRELATION MATRIX FOR PARAMETER ESTIMATES
                    11            12            13            14            15
              ________      ________      ________      ________      ________
       11       1.000
       12       0.001         1.000
       13       0.000         0.447         1.000
       14       0.000         0.000         0.000         1.000
       15       0.000         0.000         0.000         0.427         1.000
       16       0.286         0.002         0.000         0.000         0.000
       17      -0.030        -0.001         0.001         0.000         0.000
       18      -0.264         0.000         0.000         0.000         0.000
       19       0.001         0.252         0.279         0.000         0.000
       20      -0.001        -0.219        -0.019         0.000         0.000
       21       0.000        -0.035        -0.261         0.000         0.000
       22       0.000         0.000         0.001         0.170         0.194
       23       0.001         0.000         0.000        -0.146        -0.009
       24       0.000        -0.001         0.000        -0.023        -0.180
       25       0.147        -0.005        -0.002        -0.082        -0.085
       26       0.002         0.127         0.127        -0.067        -0.073
       27       0.174         0.164         0.171        -0.093        -0.096
       28      -0.362         0.000         0.000         0.000         0.000
       29      -0.059        -0.053        -0.058         0.000         0.000
       30       0.000        -0.347        -0.365         0.000         0.000
       31       0.001        -0.003        -0.003        -0.201        -0.214


           ESTIMATED CORRELATION MATRIX FOR PARAMETER ESTIMATES
                    16            17            18            19            20
              ________      ________      ________      ________      ________
       16       1.000
       17      -0.193         1.000
       18      -0.259        -0.087         1.000
       19       0.002         0.000        -0.001         1.000
       20      -0.003         0.003         0.000        -0.181         1.000
       21       0.001        -0.002         0.000        -0.251        -0.109
       22       0.000         0.000         0.000         0.001         0.000
       23       0.000         0.001        -0.001         0.000         0.000
       24       0.000        -0.001         0.001        -0.001         0.001
       25       0.080        -0.021        -0.017        -0.010         0.005
       26       0.001        -0.004        -0.004         0.068        -0.021
       27       0.082        -0.014        -0.026         0.077        -0.011
       28      -0.161         0.046         0.062         0.000         0.001
       29      -0.030         0.012         0.017        -0.024         0.006
       30       0.000         0.000         0.000        -0.157         0.043
       31      -0.022        -0.002        -0.021        -0.022        -0.009


           ESTIMATED CORRELATION MATRIX FOR PARAMETER ESTIMATES
                    21            22            23            24            25
              ________      ________      ________      ________      ________
       21       1.000
       22      -0.001         1.000
       23       0.001        -0.175         1.000
       24       0.000        -0.264        -0.120         1.000
       25      -0.002        -0.023         0.012         0.010         1.000
       26      -0.009        -0.013         0.000         0.012        -0.079
       27      -0.014        -0.011         0.009         0.002         0.076
       28       0.000         0.000         0.000         0.000        -0.113
       29       0.017        -0.001         0.000         0.001        -0.038
       30       0.060         0.000         0.000         0.000         0.002
       31      -0.012        -0.098         0.013         0.031        -0.013


           ESTIMATED CORRELATION MATRIX FOR PARAMETER ESTIMATES
                    26            27            28            29            30
              ________      ________      ________      ________      ________
       26       1.000
       27       0.045         1.000
       28       0.000        -0.132         1.000
       29      -0.038        -0.057         0.265         1.000
       30      -0.099        -0.132         0.029         0.264         1.000
       31      -0.010        -0.075         0.005         0.006         0.005


           ESTIMATED CORRELATION MATRIX FOR PARAMETER ESTIMATES
                    31
              ________
       31       1.000


     Beginning Time:  17:02:36
        Ending Time:  17:02:42
       Elapsed Time:  00:00:06



MUTHEN & MUTHEN
3463 Stoner Ave.
Los Angeles, CA  90066

Tel: (310) 391-9971
Fax: (310) 391-8971
Web: www.StatModel.com
Support: Support@StatModel.com

Copyright (c) 1998-2023 Muthen & Muthen
